<?xml version="1.0" encoding="UTF-8"?>
<testsuite xmlns:xsi="http://www.w3.org/2001/XMLSchema-instance" xsi:noNamespaceSchemaLocation="https://maven.apache.org/surefire/maven-surefire-plugin/xsd/surefire-test-report-3.0.xsd" version="3.0" name="org.swarmforge.core.ColonyTest" time="0.393" tests="5" errors="0" skipped="0" failures="0">
  <properties>
[...]
</properties>
  <testcase name="testCountByCaste" classname="org.swarmforge.core.ColonyTest" time="0.235"/>
  <testcase name="testFoodStorage" classname="org.swarmforge.core.ColonyTest" time="0.045"/>
  <testcase name="testInitialState" classname="org.swarmforge.core.ColonyTest" time="0.004"/>
  <testcase name="testHasQueen" classname="org.swarmforge.core.ColonyTest" time="0.004"/>
  <testcase name="testAddIndividual" classname="org.swarmforge.core.ColonyTest" time="0.002"/>
</testsuite>